<?xml version="1.0" encoding="UTF-8"?>
<!-- Generated by org.testng.reporters.JUnitReportReporter -->
<testsuite skipped="0" hostname="LAPTOP-702TIJFI" name="com.test.SmokeTest" tests="1" failures="0" timestamp="04 Mar 2020 10:50:22 GMT" time="35.360" errors="0">
  <testcase name="verifySignIn" time="35.360" classname="com.test.SmokeTest"/>
</testsuite> <!-- com.test.SmokeTest -->
