<?xml version="1.0" encoding="UTF-8"?>
<!-- Generated by org.testng.reporters.JUnitReportReporter -->
<testsuite skipped="0" hostname="LAPTOP-702TIJFI" name="com.test.SmokeTest" tests="2" failures="0" timestamp="28 Mar 2020 16:38:23 GMT" time="79.713" errors="0">
  <testcase name="verifytitle" time="31.862" classname="com.test.SmokeTest"/>
  <testcase name="dropDownSelect" time="47.851" classname="com.test.SmokeTest"/>
</testsuite> <!-- com.test.SmokeTest -->
