<?xml version="1.0" encoding="UTF-8"?>
<!-- Generated by org.testng.reporters.JUnitReportReporter -->
<testsuite skipped="0" hostname="LAPTOP-702TIJFI" name="com.test.SmokeTest" tests="4" failures="0" timestamp="29 Mar 2020 08:49:35 GMT" time="115.896" errors="0">
  <testcase name="verifytitleTest" time="28.365" classname="com.test.SmokeTest"/>
  <testcase name="dropDownSelectTest" time="34.458" classname="com.test.SmokeTest"/>
  <testcase name="verifyLogoTest" time="27.163" classname="com.test.SmokeTest"/>
  <testcase name="screenCaptureTest" time="25.910" classname="com.test.SmokeTest"/>
</testsuite> <!-- com.test.SmokeTest -->
