<?xml version="1.0" encoding="UTF-8"?>
<!-- Generated by org.testng.reporters.JUnitReportReporter -->
<testsuite skipped="0" hostname="LAPTOP-702TIJFI" name="com.test.SmokeTest" tests="1" failures="0" timestamp="09 Mar 2020 20:23:08 GMT" time="28.821" errors="0">
  <testcase name="verifySignIn" time="28.821" classname="com.test.SmokeTest"/>
</testsuite> <!-- com.test.SmokeTest -->
