<?xml version="1.0" encoding="UTF-8"?>
<!-- Generated by org.testng.reporters.JUnitReportReporter -->
<testsuite skipped="0" hostname="LAPTOP-702TIJFI" name="com.test.SmokeTest" tests="1" failures="0" timestamp="22 Mar 2020 08:29:22 GMT" time="58.356" errors="0">
  <testcase name="dropDownSelect" time="58.356" classname="com.test.SmokeTest"/>
</testsuite> <!-- com.test.SmokeTest -->
